{"defaultnode":"http://localhost:8545","HOST":"localhost","port":"8545","account":"1","dev":true,"gas":3700000,"confirmation":12,"disable-deterministic-oar":false,"loglevel":"info","non-interactive":false,"enable-stats":false,"no-hints":false,"gasprice":20000000000,"logFilePath":"./bridge.log","confirmations":12,"skipQueries":true,"defaultGas":3700000,"level":"debug","message":"parsed options","timestamp":"2018-08-28T02:25:19.996Z"}
{"level":"warn","message":"--dev mode active, contract myid checks and pending queries are skipped, use this only when testing, not in production","timestamp":"2018-08-28T02:25:20.001Z"}
{"level":"info","message":"you are running ethereum-bridge - version: 0.6.1","timestamp":"2018-08-28T02:25:20.001Z"}
{"level":"info","message":"saving logs to: ./bridge.log","timestamp":"2018-08-28T02:25:20.002Z"}
{"level":"info","message":"using active mode","timestamp":"2018-08-28T02:25:20.003Z"}
{"level":"info","message":"Connecting to eth node http://localhost:8545","timestamp":"2018-08-28T02:25:20.003Z"}
{"result":{"quotes":{"ETH":0.00000277,"USD":0.001,"BTC":2.3e-7,"EUR":0.0008264},"deployments":{"ethereum":{"public-kovan":{"addressResolver":"0xB7A07BcF2Ba2f2703b24C0691b5278999C59AC7e"},"public-mainnet":{"addressResolver":"0x1d3B2638a7cC9f2CB3D298A3DA7a90B67E5506ed"},"public-ropsten3":{"addressResolver":"0xc03A2615D5efaf5F49F60B7BB6583eaec212fdf1"},"public-rinkeby":{"addressResolver":"0x146500cfd35B22E4A392Fe0aDc06De1a1368Ed48"}}},"distributions":{"rootstock-bridge":{"motd":"","latest":{"version":"0.5.4"}},"eris-bridge":{"motd":"","latest":{"version":"0.1.0"}},"blockapps-bridge":{"motd":"","latest":{"version":"0.5.4"}},"ethereum-bridge":{"motd":"","latest":{"version":"0.5.4"}}},"datasources":{"random":{"sessionPubKeysHash":["0xd937716ea46c0fb8f804f392eb5e00c2667262d1842017eae4f2202943ec1782"]}},"pricing":{"proofs":{"0":{"units":0,"description":"None"},"16":{"units":40,"description":"TLSNotary"},"32":{"units":40,"description":"Android"},"48":{"units":0,"description":"Ledger"}},"datasources":[{"units":10,"proof_types":[0],"name":"IPFS"},{"units":10,"proof_types":[0],"name":"swarm"},{"units":10,"proof_types":[0,16,32],"name":"URL"},{"units":10,"proof_types":[0],"name":"Blockchain"},{"units":10,"proof_types":[0,16,32],"name":"nested"},{"units":30,"proof_types":[0],"name":"WolframAlpha"},{"units":500,"proof_types":[0,16,32],"name":"computation"},{"units":50,"proof_types":[0,48],"name":"random"}]}},"success":true,"level":"debug","message":"check bridge version body result","timestamp":"2018-08-28T02:25:20.953Z"}
{"level":"info","message":"connected to node type EthereumJS TestRPC/v2.2.0/ethereum-js","timestamp":"2018-08-28T02:25:22.108Z"}
{"level":"warn","message":"Using 0xffcf8fdee72ac11b5c542428b35eef5769c409f0 to query contracts on your blockchain, make sure it is unlocked and do not use the same address to deploy your contracts","timestamp":"2018-08-28T02:25:23.113Z"}
{"level":"info","message":"deploying the oraclize connector contract...","timestamp":"2018-08-28T02:25:23.348Z"}
{"defaultnode":"http://localhost:8545","HOST":"localhost","port":"8545","account":"1","dev":true,"gas":3700000,"confirmation":12,"disable-deterministic-oar":false,"loglevel":"info","non-interactive":false,"enable-stats":false,"no-hints":false,"gasprice":20000000000,"logFilePath":"./bridge.log","confirmations":12,"skipQueries":true,"defaultGas":3700000,"level":"debug","message":"parsed options","timestamp":"2018-08-28T03:22:46.619Z"}
{"level":"warn","message":"--dev mode active, contract myid checks and pending queries are skipped, use this only when testing, not in production","timestamp":"2018-08-28T03:22:46.630Z"}
{"level":"info","message":"you are running ethereum-bridge - version: 0.6.1","timestamp":"2018-08-28T03:22:46.631Z"}
{"level":"info","message":"saving logs to: ./bridge.log","timestamp":"2018-08-28T03:22:46.632Z"}
{"level":"info","message":"using active mode","timestamp":"2018-08-28T03:22:46.634Z"}
{"level":"info","message":"Connecting to eth node http://localhost:8545","timestamp":"2018-08-28T03:22:46.635Z"}
{"result":{"quotes":{"ETH":0.00000277,"USD":0.001,"BTC":2.3e-7,"EUR":0.0008264},"deployments":{"ethereum":{"public-kovan":{"addressResolver":"0xB7A07BcF2Ba2f2703b24C0691b5278999C59AC7e"},"public-mainnet":{"addressResolver":"0x1d3B2638a7cC9f2CB3D298A3DA7a90B67E5506ed"},"public-ropsten3":{"addressResolver":"0xc03A2615D5efaf5F49F60B7BB6583eaec212fdf1"},"public-rinkeby":{"addressResolver":"0x146500cfd35B22E4A392Fe0aDc06De1a1368Ed48"}}},"distributions":{"rootstock-bridge":{"motd":"","latest":{"version":"0.5.4"}},"eris-bridge":{"motd":"","latest":{"version":"0.1.0"}},"blockapps-bridge":{"motd":"","latest":{"version":"0.5.4"}},"ethereum-bridge":{"motd":"","latest":{"version":"0.5.4"}}},"datasources":{"random":{"sessionPubKeysHash":["0xd937716ea46c0fb8f804f392eb5e00c2667262d1842017eae4f2202943ec1782"]}},"pricing":{"proofs":{"0":{"units":0,"description":"None"},"16":{"units":40,"description":"TLSNotary"},"32":{"units":40,"description":"Android"},"48":{"units":0,"description":"Ledger"}},"datasources":[{"units":10,"proof_types":[0],"name":"IPFS"},{"units":10,"proof_types":[0],"name":"swarm"},{"units":10,"proof_types":[0,16,32],"name":"URL"},{"units":10,"proof_types":[0],"name":"Blockchain"},{"units":10,"proof_types":[0,16,32],"name":"nested"},{"units":30,"proof_types":[0],"name":"WolframAlpha"},{"units":500,"proof_types":[0,16,32],"name":"computation"},{"units":50,"proof_types":[0,48],"name":"random"}]}},"success":true,"level":"debug","message":"check bridge version body result","timestamp":"2018-08-28T03:22:47.590Z"}
{"level":"info","message":"connected to node type EthereumJS TestRPC/v2.2.0/ethereum-js","timestamp":"2018-08-28T03:22:48.204Z"}
{"level":"warn","message":"Using 0xffcf8fdee72ac11b5c542428b35eef5769c409f0 to query contracts on your blockchain, make sure it is unlocked and do not use the same address to deploy your contracts","timestamp":"2018-08-28T03:22:49.103Z"}
{"level":"info","message":"deploying the oraclize connector contract...","timestamp":"2018-08-28T03:22:49.394Z"}
{"level":"info","message":"connector deployed to: 0xeb3709402caba8b7c4645057b631c5deb5346d4a","timestamp":"2018-08-28T03:22:59.977Z"}
{"success":true,"connector":"0xeb3709402caba8b7c4645057b631c5deb5346d4a","level":"debug","message":"connector deployment result","timestamp":"2018-08-28T03:22:59.977Z"}
{"level":"warn","message":"deterministic OAR disabled/not available, please update your contract with the new custom address generated","timestamp":"2018-08-28T03:23:00.237Z"}
{"level":"info","message":"deploying the address resolver contract...","timestamp":"2018-08-28T03:23:00.238Z"}
{"level":"info","message":"address resolver (OAR) deployed to: 0x4c51e9308476a1c004bd1dc81f23d9cf845a61da","timestamp":"2018-08-28T03:23:11.012Z"}
{"success":true,"oar":"0x4c51e9308476a1c004bd1dc81f23d9cf845a61da","level":"debug","message":"OAR deployment result","timestamp":"2018-08-28T03:23:11.013Z"}
{"level":"info","message":"updating connector pricing...","timestamp":"2018-08-28T03:23:11.014Z"}
{"level":"info","message":"successfully deployed all contracts","timestamp":"2018-08-28T03:23:23.940Z"}
{"success":true,"level":"debug","message":"pricing update result","timestamp":"2018-08-28T03:23:23.941Z"}
{"context_name":"eth_E8E5185382","latest_block_number":-1,"oar":"0x4c51e9308476a1c004bd1dc81f23d9cf845a61da","node":{"main":"http://localhost:8545","backup":[]},"contracts":{"connector":{"binary":"/Users/matiasbarrios/ethereum-bridge/contracts/binary/oraclizeConnector.binary","abi":"/Users/matiasbarrios/ethereum-bridge/contracts/abi/oraclizeConnector.json","source":"/Users/matiasbarrios/ethereum-bridge/contracts/ethereum-api/connectors/oraclizeConnector.sol"},"oar":{"binary":"/Users/matiasbarrios/ethereum-bridge/contracts/binary/addressResolver.binary","abi":"/Users/matiasbarrios/ethereum-bridge/contracts/abi/addressResolver.json","source":"/Users/matiasbarrios/ethereum-bridge/contracts/ethereum-api/connectors/addressResolver.sol"}},"deterministic_oar":true,"deploy_gas":3700000,"account":"0xffcf8fdee72ac11b5c542428b35eef5769c409f0","mode":"active","key_file":"/Users/matiasbarrios/ethereum-bridge/config/instance/keys.json","gas_price":20000000000,"onchain_config":{"pricing":[{"name":"IPFS","proof":0,"units":10},{"name":"IPFS","proof":1,"units":10},{"name":"swarm","proof":0,"units":10},{"name":"swarm","proof":1,"units":10},{"name":"URL","proof":0,"units":10},{"name":"URL","proof":1,"units":10},{"name":"URL","proof":16,"units":50},{"name":"URL","proof":17,"units":50},{"name":"URL","proof":32,"units":50},{"name":"URL","proof":33,"units":50},{"name":"Blockchain","proof":0,"units":10},{"name":"Blockchain","proof":1,"units":10},{"name":"nested","proof":0,"units":10},{"name":"nested","proof":1,"units":10},{"name":"nested","proof":16,"units":50},{"name":"nested","proof":17,"units":50},{"name":"nested","proof":32,"units":50},{"name":"nested","proof":33,"units":50},{"name":"WolframAlpha","proof":0,"units":30},{"name":"WolframAlpha","proof":1,"units":30},{"name":"computation","proof":0,"units":500},{"name":"computation","proof":1,"units":500},{"name":"computation","proof":16,"units":540},{"name":"computation","proof":17,"units":540},{"name":"computation","proof":32,"units":540},{"name":"computation","proof":33,"units":540},{"name":"random","proof":0,"units":50},{"name":"random","proof":1,"units":50},{"name":"random","proof":48,"units":50},{"name":"random","proof":49,"units":50}],"base_price":0.00000277},"connector":"0xeb3709402caba8b7c4645057b631c5deb5346d4a","level":"debug","message":"new oracle inline configuration","timestamp":"2018-08-28T03:23:23.941Z"}
{"level":"info","message":"instance configuration file saved to /Users/matiasbarrios/ethereum-bridge/config/instance/oracle_instance_20180828T002323.json","timestamp":"2018-08-28T03:23:23.960Z"}
{"level":"debug","message":"starting the bridge log manager...","timestamp":"2018-08-28T03:23:23.968Z"}
{"level":"debug","message":"latest block seen (config file) -1","timestamp":"2018-08-28T03:23:23.972Z"}
{"level":"warn","message":"re-org block listen is disabled","timestamp":"2018-08-28T03:23:23.981Z"}
{"level":"info","message":"Listening @ 0xeb3709402caba8b7c4645057b631c5deb5346d4a (Oraclize Connector)\n","timestamp":"2018-08-28T03:23:23.982Z"}
{"defaultnode":"http://localhost:8545","HOST":"localhost","port":"8545","account":"1","dev":true,"gas":3700000,"confirmation":12,"disable-deterministic-oar":false,"loglevel":"info","non-interactive":false,"enable-stats":false,"no-hints":false,"gasprice":20000000000,"logFilePath":"./bridge.log","confirmations":12,"skipQueries":true,"defaultGas":3700000,"level":"debug","message":"parsed options","timestamp":"2018-08-28T03:25:19.494Z"}
{"level":"warn","message":"--dev mode active, contract myid checks and pending queries are skipped, use this only when testing, not in production","timestamp":"2018-08-28T03:25:19.504Z"}
{"level":"info","message":"you are running ethereum-bridge - version: 0.6.1","timestamp":"2018-08-28T03:25:19.507Z"}
{"level":"info","message":"saving logs to: ./bridge.log","timestamp":"2018-08-28T03:25:19.507Z"}
{"level":"info","message":"using active mode","timestamp":"2018-08-28T03:25:19.508Z"}
{"level":"info","message":"Connecting to eth node http://localhost:8545","timestamp":"2018-08-28T03:25:19.509Z"}
{"result":{"quotes":{"ETH":0.00000277,"USD":0.001,"BTC":2.3e-7,"EUR":0.0008264},"deployments":{"ethereum":{"public-kovan":{"addressResolver":"0xB7A07BcF2Ba2f2703b24C0691b5278999C59AC7e"},"public-mainnet":{"addressResolver":"0x1d3B2638a7cC9f2CB3D298A3DA7a90B67E5506ed"},"public-ropsten3":{"addressResolver":"0xc03A2615D5efaf5F49F60B7BB6583eaec212fdf1"},"public-rinkeby":{"addressResolver":"0x146500cfd35B22E4A392Fe0aDc06De1a1368Ed48"}}},"distributions":{"rootstock-bridge":{"motd":"","latest":{"version":"0.5.4"}},"eris-bridge":{"motd":"","latest":{"version":"0.1.0"}},"blockapps-bridge":{"motd":"","latest":{"version":"0.5.4"}},"ethereum-bridge":{"motd":"","latest":{"version":"0.5.4"}}},"datasources":{"random":{"sessionPubKeysHash":["0xd937716ea46c0fb8f804f392eb5e00c2667262d1842017eae4f2202943ec1782"]}},"pricing":{"proofs":{"0":{"units":0,"description":"None"},"16":{"units":40,"description":"TLSNotary"},"32":{"units":40,"description":"Android"},"48":{"units":0,"description":"Ledger"}},"datasources":[{"units":10,"proof_types":[0],"name":"IPFS"},{"units":10,"proof_types":[0],"name":"swarm"},{"units":10,"proof_types":[0,16,32],"name":"URL"},{"units":10,"proof_types":[0],"name":"Blockchain"},{"units":10,"proof_types":[0,16,32],"name":"nested"},{"units":30,"proof_types":[0],"name":"WolframAlpha"},{"units":500,"proof_types":[0,16,32],"name":"computation"},{"units":50,"proof_types":[0,48],"name":"random"}]}},"success":true,"level":"debug","message":"check bridge version body result","timestamp":"2018-08-28T03:25:20.482Z"}
{"level":"info","message":"connected to node type EthereumJS TestRPC/v2.2.0/ethereum-js","timestamp":"2018-08-28T03:25:21.150Z"}
{"level":"warn","message":"Using 0xffcf8fdee72ac11b5c542428b35eef5769c409f0 to query contracts on your blockchain, make sure it is unlocked and do not use the same address to deploy your contracts","timestamp":"2018-08-28T03:25:22.239Z"}
{"level":"info","message":"deploying the oraclize connector contract...","timestamp":"2018-08-28T03:25:22.493Z"}
{"level":"info","message":"connector deployed to: 0xd3aa556287afe63102e5797bfddd2a1e8dbb3ea5","timestamp":"2018-08-28T03:25:33.572Z"}
{"success":true,"connector":"0xd3aa556287afe63102e5797bfddd2a1e8dbb3ea5","level":"debug","message":"connector deployment result","timestamp":"2018-08-28T03:25:33.573Z"}
{"level":"info","message":"deploying the address resolver with a deterministic address...","timestamp":"2018-08-28T03:25:33.854Z"}
{"level":"info","message":"address resolver (OAR) deployed to: 0x6f485c8bf6fc43ea212e93bbf8ce046c7f1cb475","timestamp":"2018-08-28T03:25:57.327Z"}
{"success":true,"oar":"0x6f485c8bf6fc43ea212e93bbf8ce046c7f1cb475","level":"debug","message":"OAR deployment result","timestamp":"2018-08-28T03:25:57.328Z"}
{"level":"info","message":"updating connector pricing...","timestamp":"2018-08-28T03:25:57.328Z"}
{"level":"info","message":"successfully deployed all contracts","timestamp":"2018-08-28T03:26:08.589Z"}
{"success":true,"level":"debug","message":"pricing update result","timestamp":"2018-08-28T03:26:08.589Z"}
{"context_name":"eth_0727048CE5","latest_block_number":-1,"oar":"0x6f485c8bf6fc43ea212e93bbf8ce046c7f1cb475","node":{"main":"http://localhost:8545","backup":[]},"contracts":{"connector":{"binary":"/Users/matiasbarrios/ethereum-bridge/contracts/binary/oraclizeConnector.binary","abi":"/Users/matiasbarrios/ethereum-bridge/contracts/abi/oraclizeConnector.json","source":"/Users/matiasbarrios/ethereum-bridge/contracts/ethereum-api/connectors/oraclizeConnector.sol"},"oar":{"binary":"/Users/matiasbarrios/ethereum-bridge/contracts/binary/addressResolver.binary","abi":"/Users/matiasbarrios/ethereum-bridge/contracts/abi/addressResolver.json","source":"/Users/matiasbarrios/ethereum-bridge/contracts/ethereum-api/connectors/addressResolver.sol"}},"deterministic_oar":true,"deploy_gas":3700000,"account":"0xffcf8fdee72ac11b5c542428b35eef5769c409f0","mode":"active","key_file":"/Users/matiasbarrios/ethereum-bridge/config/instance/keys.json","gas_price":20000000000,"onchain_config":{"pricing":[{"name":"IPFS","proof":0,"units":10},{"name":"IPFS","proof":1,"units":10},{"name":"swarm","proof":0,"units":10},{"name":"swarm","proof":1,"units":10},{"name":"URL","proof":0,"units":10},{"name":"URL","proof":1,"units":10},{"name":"URL","proof":16,"units":50},{"name":"URL","proof":17,"units":50},{"name":"URL","proof":32,"units":50},{"name":"URL","proof":33,"units":50},{"name":"Blockchain","proof":0,"units":10},{"name":"Blockchain","proof":1,"units":10},{"name":"nested","proof":0,"units":10},{"name":"nested","proof":1,"units":10},{"name":"nested","proof":16,"units":50},{"name":"nested","proof":17,"units":50},{"name":"nested","proof":32,"units":50},{"name":"nested","proof":33,"units":50},{"name":"WolframAlpha","proof":0,"units":30},{"name":"WolframAlpha","proof":1,"units":30},{"name":"computation","proof":0,"units":500},{"name":"computation","proof":1,"units":500},{"name":"computation","proof":16,"units":540},{"name":"computation","proof":17,"units":540},{"name":"computation","proof":32,"units":540},{"name":"computation","proof":33,"units":540},{"name":"random","proof":0,"units":50},{"name":"random","proof":1,"units":50},{"name":"random","proof":48,"units":50},{"name":"random","proof":49,"units":50}],"base_price":0.00000277},"connector":"0xd3aa556287afe63102e5797bfddd2a1e8dbb3ea5","level":"debug","message":"new oracle inline configuration","timestamp":"2018-08-28T03:26:08.589Z"}
{"level":"info","message":"instance configuration file saved to /Users/matiasbarrios/ethereum-bridge/config/instance/oracle_instance_20180828T002608.json","timestamp":"2018-08-28T03:26:08.599Z"}
{"level":"debug","message":"starting the bridge log manager...","timestamp":"2018-08-28T03:26:08.602Z"}
{"level":"debug","message":"latest block seen (config file) -1","timestamp":"2018-08-28T03:26:08.607Z"}
{"level":"warn","message":"re-org block listen is disabled","timestamp":"2018-08-28T03:26:08.612Z"}
{"level":"info","message":"Listening @ 0xd3aa556287afe63102e5797bfddd2a1e8dbb3ea5 (Oraclize Connector)\n","timestamp":"2018-08-28T03:26:08.613Z"}
